Base path: 'C:/Program Files/Unity/Hub/Editor/2019.3.3f1/Editor/Data', plugins path 'C:/Program Files/Unity/Hub/Editor/2019.3.3f1/Editor/Data/PlaybackEngines'
Cmd: initializeCompiler
Cmd: compileSnippet
  api=4 type=0 insize=9324 outsize=802 kw= pd=UNITY_ENABLE_REFLECTION_BUFFERS UNITY_USE_DITHER_MASK_FOR_ALPHABLENDED_SHADOWS UNITY_PBS_USE_BRDF1 UNITY_SPECCUBE_BOX_PROJECTION UNITY_SPECCUBE_BLENDING UNITY_ENABLE_DETAIL_NORMALMAP SHADER_API_DESKTOP UNITY_COLORSPACE_GAMMA UNITY_LIGHT_PROBE_PROXY_VOLUME UNITY_LIGHTMAP_FULL_HDR ok=1
Cmd: compileSnippet
  api=4 type=1 insize=9324 outsize=370 kw= pd=UNITY_ENABLE_REFLECTION_BUFFERS UNITY_USE_DITHER_MASK_FOR_ALPHABLENDED_SHADOWS UNITY_PBS_USE_BRDF1 UNITY_SPECCUBE_BOX_PROJECTION UNITY_SPECCUBE_BLENDING UNITY_ENABLE_DETAIL_NORMALMAP SHADER_API_DESKTOP UNITY_COLORSPACE_GAMMA UNITY_LIGHT_PROBE_PROXY_VOLUME UNITY_LIGHTMAP_FULL_HDR ok=1
Cmd: preprocess
  insize=811 outsize=209 ok=1
Cmd: preprocess
  insize=811 outsize=209 ok=1
Cmd: preprocess
  insize=811 outsize=209 ok=1
Cmd: preprocess
  insize=10076 outsize=837 ok=1
Cmd: preprocess
  insize=3625 outsize=346 ok=1
Cmd: preprocess
  insize=811 outsize=209 ok=1
Cmd: preprocess
  insize=5134 outsize=343 ok=1
Cmd: preprocess
  insize=811 outsize=209 ok=1
Cmd: preprocess
  insize=3525 outsize=338 ok=1
Cmd: preprocess
  insize=9432 outsize=837 ok=1
Cmd: preprocess
  insize=4265 outsize=338 ok=1
Cmd: preprocess
  insize=4239 outsize=338 ok=1
Cmd: preprocess
  insize=4213 outsize=338 ok=1
Cmd: preprocess
  insize=6264 outsize=339 ok=1
Cmd: preprocess
  insize=13268 outsize=837 ok=1
Cmd: preprocess
  insize=811 outsize=209 ok=1
Cmd: preprocess
  insize=3887 outsize=339 ok=1
Cmd: preprocess
  insize=5936 outsize=340 ok=1
Cmd: preprocess
  insize=4213 outsize=338 ok=1
Cmd: preprocess
  insize=10733 outsize=837 ok=1
Cmd: preprocess
  insize=6521 outsize=339 ok=1
Cmd: preprocess
  insize=13585 outsize=837 ok=1
Cmd: preprocess
  insize=811 outsize=209 ok=1
Cmd: preprocess
  insize=3130 outsize=335 ok=1
Cmd: preprocess
  insize=3887 outsize=339 ok=1
Cmd: preprocess
  insize=4472 outsize=338 ok=1
Cmd: preprocess
  insize=11052 outsize=837 ok=1
Cmd: preprocess
  insize=5403 outsize=336 ok=1
Cmd: preprocess
  insize=6212 outsize=340 ok=1
Cmd: preprocess
  insize=6797 outsize=339 ok=1
Cmd: preprocess
  insize=13929 outsize=837 ok=1
Cmd: preprocess
  insize=3699 outsize=391 ok=1
Cmd: preprocess
  insize=6871 outsize=384 ok=1
Cmd: preprocess
  insize=6286 outsize=384 ok=1
Cmd: preprocess
  insize=14011 outsize=882 ok=1
Cmd: compileSnippet
  error: 1 plat 4 at (170): 'TransformObjectToWorld': implicit truncation of vector type\nCompiling Fragment program
Platform defines: UNITY_ENABLE_REFLECTION_BUFFERS UNITY_USE_DITHER_MASK_FOR_ALPHABLENDED_SHADOWS UNITY_PBS_USE_BRDF1 UNITY_SPECCUBE_BOX_PROJECTION UNITY_SPECCUBE_BLENDING UNITY_ENABLE_DETAIL_NORMALMAP SHADER_API_DESKTOP UNITY_COLORSPACE_GAMMA UNITY_LIGHT_PROBE_PROXY_VOLUME UNITY_LIGHTMAP_FULL_HDR
  api=4 type=1 insize=6824 outsize=3054 kw= pd=UNITY_ENABLE_REFLECTION_BUFFERS UNITY_USE_DITHER_MASK_FOR_ALPHABLENDED_SHADOWS UNITY_PBS_USE_BRDF1 UNITY_SPECCUBE_BOX_PROJECTION UNITY_SPECCUBE_BLENDING UNITY_ENABLE_DETAIL_NORMALMAP SHADER_API_DESKTOP UNITY_COLORSPACE_GAMMA UNITY_LIGHT_PROBE_PROXY_VOLUME UNITY_LIGHTMAP_FULL_HDR ok=1
Cmd: compileSnippet
  api=4 type=0 insize=13463 outsize=802 kw= pd=UNITY_ENABLE_REFLECTION_BUFFERS UNITY_USE_DITHER_MASK_FOR_ALPHABLENDED_SHADOWS UNITY_PBS_USE_BRDF1 UNITY_SPECCUBE_BOX_PROJECTION UNITY_SPECCUBE_BLENDING UNITY_ENABLE_DETAIL_NORMALMAP SHADER_API_DESKTOP UNITY_COLORSPACE_GAMMA UNITY_LIGHT_PROBE_PROXY_VOLUME UNITY_LIGHTMAP_FULL_HDR ok=1
Cmd: preprocess
  insize=3677 outsize=380 ok=1
Cmd: preprocess
  insize=6849 outsize=372 ok=1
Cmd: preprocess
  insize=6264 outsize=374 ok=1
Cmd: preprocess
  insize=13989 outsize=871 ok=1
Cmd: preprocess
  insize=811 outsize=209 ok=1
Cmd: preprocess
  insize=3204 outsize=369 ok=1
Cmd: preprocess
  insize=4231 outsize=373 ok=1
Cmd: preprocess
  insize=4816 outsize=372 ok=1
Cmd: preprocess
  insize=11472 outsize=870 ok=1
Cmd: preprocess
  insize=5475 outsize=372 ok=1
Cmd: preprocess
  insize=6284 outsize=376 ok=1
Cmd: preprocess
  insize=6869 outsize=375 ok=1
Cmd: preprocess
  insize=14009 outsize=872 ok=1
Cmd: preprocess
  insize=5570 outsize=378 ok=1
Cmd: preprocess
  insize=6379 outsize=382 ok=1
Cmd: preprocess
  insize=6964 outsize=381 ok=1
Cmd: preprocess
  insize=14136 outsize=878 ok=1
Cmd: preprocess
  insize=3774 outsize=388 ok=1
Cmd: preprocess
  insize=5481 outsize=378 ok=1
Cmd: preprocess
  insize=6290 outsize=382 ok=1
Cmd: preprocess
  insize=6875 outsize=381 ok=1
Cmd: preprocess
  insize=14015 outsize=878 ok=1
Cmd: preprocess
  insize=3685 outsize=388 ok=1
Cmd: preprocess
  insize=13646 outsize=882 ok=1
Cmd: compileSnippet
  api=4 type=0 insize=13098 outsize=802 kw=ETC1_EXTERNAL_ALPHA pd=UNITY_ENABLE_REFLECTION_BUFFERS UNITY_USE_DITHER_MASK_FOR_ALPHABLENDED_SHADOWS UNITY_PBS_USE_BRDF1 UNITY_SPECCUBE_BOX_PROJECTION UNITY_SPECCUBE_BLENDING UNITY_ENABLE_DETAIL_NORMALMAP SHADER_API_DESKTOP UNITY_COLORSPACE_GAMMA UNITY_LIGHT_PROBE_PROXY_VOLUME UNITY_LIGHTMAP_FULL_HDR ok=1
Cmd: compileSnippet
  api=4 type=1 insize=13098 outsize=3006 kw=ETC1_EXTERNAL_ALPHA pd=UNITY_ENABLE_REFLECTION_BUFFERS UNITY_USE_DITHER_MASK_FOR_ALPHABLENDED_SHADOWS UNITY_PBS_USE_BRDF1 UNITY_SPECCUBE_BOX_PROJECTION UNITY_SPECCUBE_BLENDING UNITY_ENABLE_DETAIL_NORMALMAP SHADER_API_DESKTOP UNITY_COLORSPACE_GAMMA UNITY_LIGHT_PROBE_PROXY_VOLUME UNITY_LIGHTMAP_FULL_HDR ok=1
